<?xml version="1.0" encoding="UTF-8"?>
<!-- Generated by org.testng.reporters.JUnitReportReporter -->
<testsuite hostname="DESKTOP-PQ403OD" failures="0" tests="1" name="ExtentReports.Chaptertest" time="42.831" errors="0" timestamp="2023-11-17T23:45:10 IST" skipped="0">
  <testcase classname="ExtentReports.Chaptertest" name="loginTest" time="42.831"/>
</testsuite> <!-- ExtentReports.Chaptertest -->
