<?xml version="1.0" encoding="UTF-8"?>
<!-- Generated by org.testng.reporters.JUnitReportReporter -->
<testsuite hostname="DESKTOP-PQ403OD" failures="0" tests="1" name="com.inetBanking.testCases.Login_Test" time="22.965" errors="0" timestamp="2023-11-27T16:50:14 IST" skipped="0">
  <testcase classname="com.inetBanking.testCases.Login_Test" name="loginTest" time="22.965"/>
</testsuite> <!-- com.inetBanking.testCases.Login_Test -->
