<?xml version="1.0" encoding="UTF-8"?>
<!-- Generated by org.testng.reporters.JUnitReportReporter -->
<testsuite hostname="DESKTOP-PQ403OD" failures="0" tests="1" name="com.inetBanking.testCases.Login_Test" time="2.969" errors="0" timestamp="2023-11-27T19:39:48 IST" skipped="0">
  <testcase classname="com.inetBanking.testCases.Login_Test" name="loginTest" time="2.969"/>
</testsuite> <!-- com.inetBanking.testCases.Login_Test -->
